[2026-04-23T23:06:07.953100+00:00] log-app.INFO: Petición a: / [] []
[2026-04-23T23:06:07.954378+00:00] log-app.INFO: /: Respuesta exitosa 200 OK [] []
[2026-04-23T23:06:07.975828+00:00] log-app.INFO: Petición a: /estilos/base.css [] []
[2026-04-23T23:06:07.975923+00:00] log-app.INFO: /estilos/base.css: Error Page Not Found 404 [] []
[2026-04-23T23:06:07.976111+00:00] log-app.INFO: Petición a: /estilos/print.css [] []
[2026-04-23T23:06:07.976143+00:00] log-app.INFO: /estilos/print.css: Error Page Not Found 404 [] []
[2026-04-23T23:06:07.976237+00:00] log-app.INFO: Petición a: /estilos/header.css [] []
[2026-04-23T23:06:07.976256+00:00] log-app.INFO: /estilos/header.css: Error Page Not Found 404 [] []
[2026-04-23T23:06:07.976332+00:00] log-app.INFO: Petición a: /estilos/footer.css [] []
[2026-04-23T23:06:07.976348+00:00] log-app.INFO: /estilos/footer.css: Error Page Not Found 404 [] []
[2026-04-23T23:06:07.976413+00:00] log-app.INFO: Petición a: /estilos/index.css [] []
[2026-04-23T23:06:07.976429+00:00] log-app.INFO: /estilos/index.css: Error Page Not Found 404 [] []
[2026-04-23T23:06:07.977876+00:00] log-app.INFO: Petición a: /imagenes/logo.svg [] []
[2026-04-23T23:06:07.977929+00:00] log-app.INFO: /imagenes/logo.svg: Error Page Not Found 404 [] []
[2026-04-23T23:06:07.978111+00:00] log-app.INFO: Petición a: /imagenes/carrito_logo_darkmode.svg [] []
[2026-04-23T23:06:07.978152+00:00] log-app.INFO: /imagenes/carrito_logo_darkmode.svg: Error Page Not Found 404 [] []
[2026-04-23T23:06:07.978291+00:00] log-app.INFO: Petición a: /imagenes/mi_cuenta_logo_darkmode.svg [] []
[2026-04-23T23:06:07.978323+00:00] log-app.INFO: /imagenes/mi_cuenta_logo_darkmode.svg: Error Page Not Found 404 [] []
[2026-04-23T23:06:07.978443+00:00] log-app.INFO: Petición a: /imagenes/frente_libreria_lightmode.png [] []
[2026-04-23T23:06:07.978466+00:00] log-app.INFO: /imagenes/frente_libreria_lightmode.png: Error Page Not Found 404 [] []
[2026-04-23T23:06:07.978544+00:00] log-app.INFO: Petición a: /imagenes/evento_portada_generica_index.svg [] []
[2026-04-23T23:06:07.978561+00:00] log-app.INFO: /imagenes/evento_portada_generica_index.svg: Error Page Not Found 404 [] []
[2026-04-23T23:06:07.978655+00:00] log-app.INFO: Petición a: /imagenes/portadaGenerica.png [] []
[2026-04-23T23:06:07.978681+00:00] log-app.INFO: /imagenes/portadaGenerica.png: Error Page Not Found 404 [] []
[2026-04-23T23:06:07.978774+00:00] log-app.INFO: Petición a: /imagenes/instagram_darkmode.svg [] []
[2026-04-23T23:06:07.978793+00:00] log-app.INFO: /imagenes/instagram_darkmode.svg: Error Page Not Found 404 [] []
[2026-04-23T23:06:07.978868+00:00] log-app.INFO: Petición a: /imagenes/facebook_darkmode.svg [] []
[2026-04-23T23:06:07.978886+00:00] log-app.INFO: /imagenes/facebook_darkmode.svg: Error Page Not Found 404 [] []
[2026-04-24T00:51:09.438251+00:00] log-app.INFO: Petición a: / [] []
[2026-04-24T00:51:09.439443+00:00] log-app.INFO: /: Respuesta exitosa 200 OK [] []
[2026-04-24T00:51:09.456447+00:00] log-app.INFO: Petición a: /estilos/base.css [] []
[2026-04-24T00:51:09.456533+00:00] log-app.INFO: /estilos/base.css: Error Page Not Found 404 [] []
[2026-04-24T00:51:09.456716+00:00] log-app.INFO: Petición a: /estilos/print.css [] []
[2026-04-24T00:51:09.456745+00:00] log-app.INFO: /estilos/print.css: Error Page Not Found 404 [] []
[2026-04-24T00:51:09.456839+00:00] log-app.INFO: Petición a: /estilos/header.css [] []
[2026-04-24T00:51:09.456868+00:00] log-app.INFO: /estilos/header.css: Error Page Not Found 404 [] []
[2026-04-24T00:51:09.456951+00:00] log-app.INFO: Petición a: /estilos/footer.css [] []
[2026-04-24T00:51:09.456969+00:00] log-app.INFO: /estilos/footer.css: Error Page Not Found 404 [] []
[2026-04-24T00:51:09.457035+00:00] log-app.INFO: Petición a: /estilos/index.css [] []
[2026-04-24T00:51:09.457051+00:00] log-app.INFO: /estilos/index.css: Error Page Not Found 404 [] []
[2026-04-24T00:51:09.458177+00:00] log-app.INFO: Petición a: /imagenes/logo.svg [] []
[2026-04-24T00:51:09.458224+00:00] log-app.INFO: /imagenes/logo.svg: Error Page Not Found 404 [] []
[2026-04-24T00:51:09.458376+00:00] log-app.INFO: Petición a: /imagenes/carrito_logo_darkmode.svg [] []
[2026-04-24T00:51:09.458408+00:00] log-app.INFO: /imagenes/carrito_logo_darkmode.svg: Error Page Not Found 404 [] []
[2026-04-24T00:51:09.458500+00:00] log-app.INFO: Petición a: /imagenes/mi_cuenta_logo_darkmode.svg [] []
[2026-04-24T00:51:09.458521+00:00] log-app.INFO: /imagenes/mi_cuenta_logo_darkmode.svg: Error Page Not Found 404 [] []
[2026-04-24T00:51:09.458603+00:00] log-app.INFO: Petición a: /imagenes/frente_libreria_lightmode.png [] []
[2026-04-24T00:51:09.458621+00:00] log-app.INFO: /imagenes/frente_libreria_lightmode.png: Error Page Not Found 404 [] []
[2026-04-24T00:51:09.458698+00:00] log-app.INFO: Petición a: /imagenes/evento_portada_generica_index.svg [] []
[2026-04-24T00:51:09.458715+00:00] log-app.INFO: /imagenes/evento_portada_generica_index.svg: Error Page Not Found 404 [] []
[2026-04-24T00:51:09.458860+00:00] log-app.INFO: Petición a: /imagenes/portadaGenerica.png [] []
[2026-04-24T00:51:09.458884+00:00] log-app.INFO: /imagenes/portadaGenerica.png: Error Page Not Found 404 [] []
[2026-04-24T00:51:09.458961+00:00] log-app.INFO: Petición a: /imagenes/instagram_darkmode.svg [] []
[2026-04-24T00:51:09.458978+00:00] log-app.INFO: /imagenes/instagram_darkmode.svg: Error Page Not Found 404 [] []
[2026-04-24T00:51:09.459041+00:00] log-app.INFO: Petición a: /imagenes/facebook_darkmode.svg [] []
[2026-04-24T00:51:09.459056+00:00] log-app.INFO: /imagenes/facebook_darkmode.svg: Error Page Not Found 404 [] []
